<?xml version="1.0" encoding="UTF-8"?>
<!-- Generated by org.testng.reporters.JUnitXMLReporter -->
<testsuite ignored="0" hostname="Kirtan-1910" failures="0" tests="1" name="Test" time="10.119" errors="0" timestamp="2023-07-13T12:32:43 IST">
  <testcase classname="com.eduvidya.Automation.baseClass.BaseClass" name="@BeforeMethod startBrowser" time="10.065">
    <failure type="java.lang.AssertionError" message="null">
      <![CDATA[java.lang.AssertionError: null
at com.eduvidya.Automation.baseClass.BaseClass.startBrowser(BaseClass.java:49)
at java.base/java.util.ArrayList.forEach(ArrayList.java:1511)
... Removed 33 stack frames]]>
    </failure>
  </testcase> <!-- @BeforeMethod startBrowser -->
  <testcase classname="com.eduvidya.Automation.baseClass.BaseClass" name="@AfterMethod closeDriver" time="0.0">
    <skipped/>
  </testcase> <!-- @AfterMethod closeDriver -->
  <testcase classname="com.eduvidya.automationTest.AutomationTest" name="Test" time="0.0">
    <skipped/>
  </testcase> <!-- Test -->
</testsuite> <!-- Test -->
